0 info it worked if it ends with ok
1 verbose cli [ '/Users/thomasreggi/.nvm/versions/node/v5.3.0/bin/node',
1 verbose cli   '/Users/thomasreggi/.nvm/versions/node/v5.3.0/bin/npm',
1 verbose cli   'run',
1 verbose cli   'test' ]
2 info using npm@3.3.12
3 info using node@v5.3.0
4 verbose run-script [ 'pretest', 'test', 'posttest' ]
5 info lifecycle tent@1.0.16~pretest: tent@1.0.16
6 silly lifecycle tent@1.0.16~pretest: no script for pretest, continuing
7 info lifecycle tent@1.0.16~test: tent@1.0.16
8 verbose lifecycle tent@1.0.16~test: unsafe-perm in lifecycle true
9 verbose lifecycle tent@1.0.16~test: PATH: /Users/thomasreggi/.nvm/versions/node/v5.3.0/lib/node_modules/npm/bin/node-gyp-bin:/Users/thomasreggi/Desktop/tent-has-uncommitted/packages/tent/node_modules/.bin:/Users/thomasreggi/.nvm/versions/node/v5.3.0/bin:/usr/local/bin:/usr/bin:/bin:/usr/sbin:/sbin:/opt/X11/bin
10 verbose lifecycle tent@1.0.16~test: CWD: /Users/thomasreggi/Desktop/tent-has-uncommitted/packages/tent
11 silly lifecycle tent@1.0.16~test: Args: [ '-c', 'mocha --compilers js:babel-core/register --recursive' ]
12 silly lifecycle tent@1.0.16~test: Returned: code: 1  signal: null
13 info lifecycle tent@1.0.16~test: Failed to exec test script
14 verbose stack Error: tent@1.0.16 test: `mocha --compilers js:babel-core/register --recursive`
14 verbose stack Exit status 1
14 verbose stack     at EventEmitter.<anonymous> (/Users/thomasreggi/.nvm/versions/node/v5.3.0/lib/node_modules/npm/lib/utils/lifecycle.js:232:16)
14 verbose stack     at emitTwo (events.js:87:13)
14 verbose stack     at EventEmitter.emit (events.js:172:7)
14 verbose stack     at ChildProcess.<anonymous> (/Users/thomasreggi/.nvm/versions/node/v5.3.0/lib/node_modules/npm/lib/utils/spawn.js:24:14)
14 verbose stack     at emitTwo (events.js:87:13)
14 verbose stack     at ChildProcess.emit (events.js:172:7)
14 verbose stack     at maybeClose (internal/child_process.js:818:16)
14 verbose stack     at Process.ChildProcess._handle.onexit (internal/child_process.js:211:5)
15 verbose pkgid tent@1.0.16
16 verbose cwd /Users/thomasreggi/Desktop/tent-has-uncommitted/packages/tent
17 error Darwin 15.4.0
18 error argv "/Users/thomasreggi/.nvm/versions/node/v5.3.0/bin/node" "/Users/thomasreggi/.nvm/versions/node/v5.3.0/bin/npm" "run" "test"
19 error node v5.3.0
20 error npm  v3.3.12
21 error code ELIFECYCLE
22 error tent@1.0.16 test: `mocha --compilers js:babel-core/register --recursive`
22 error Exit status 1
23 error Failed at the tent@1.0.16 test script 'mocha --compilers js:babel-core/register --recursive'.
23 error Make sure you have the latest version of node.js and npm installed.
23 error If you do, this is most likely a problem with the tent package,
23 error not with npm itself.
23 error Tell the author that this fails on your system:
23 error     mocha --compilers js:babel-core/register --recursive
23 error You can get their info via:
23 error     npm owner ls tent
23 error There is likely additional logging output above.
24 verbose exit [ 1, true ]
